<?xml version="1.0" encoding="UTF-8"?>
<!-- Generated by org.testng.reporters.JUnitXMLReporter -->
<testsuite ignored="0" hostname="Subhadeep" failures="0" tests="3" name="Test" time="55.882" errors="0" timestamp="2025-12-31T21:02:43 IST">
  <testcase classname="LambdaTest.DragAndDropSliders" name="setUp" time="14.563"/>
  <testcase classname="LambdaTest.InputFormSubmit" name="setUp" time="17.238"/>
  <testcase classname="LambdaTest.SimpleFormDemo" name="setUp" time="24.028"/>
</testsuite> <!-- Test -->
