<?xml version="1.0" encoding="UTF-8"?>
<testng-results ignored="0" total="3" passed="3" failed="0" skipped="0">
  <reporter-output>
  </reporter-output>
  <suite started-at="2025-12-31T21:01:48 IST" name="Suite" finished-at="2025-12-31T21:02:43 IST" duration-ms="55882">
    <groups>
    </groups>
    <test started-at="2025-12-31T21:01:48 IST" name="Test" finished-at="2025-12-31T21:02:43 IST" duration-ms="55882">
      <class name="LambdaTest.SimpleFormDemo">
        <test-method signature="setUp()[pri:0, instance:LambdaTest.SimpleFormDemo@702657cc]" started-at="2025-12-31T21:02:19 IST" name="setUp" finished-at="2025-12-31T21:02:43 IST" duration-ms="24028" status="PASS">
          <reporter-output>
          </reporter-output>
        </test-method> <!-- setUp -->
      </class> <!-- LambdaTest.SimpleFormDemo -->
      <class name="LambdaTest.DragAndDropSliders">
        <test-method signature="setUp()[pri:0, instance:LambdaTest.DragAndDropSliders@292b08d6]" started-at="2025-12-31T21:01:48 IST" name="setUp" finished-at="2025-12-31T21:02:02 IST" duration-ms="14563" status="PASS">
          <reporter-output>
          </reporter-output>
        </test-method> <!-- setUp -->
      </class> <!-- LambdaTest.DragAndDropSliders -->
      <class name="LambdaTest.InputFormSubmit">
        <test-method signature="setUp()[pri:0, instance:LambdaTest.InputFormSubmit@43bc63a3]" started-at="2025-12-31T21:02:02 IST" name="setUp" finished-at="2025-12-31T21:02:19 IST" duration-ms="17238" status="PASS">
          <reporter-output>
          </reporter-output>
        </test-method> <!-- setUp -->
      </class> <!-- LambdaTest.InputFormSubmit -->
    </test> <!-- Test -->
  </suite> <!-- Suite -->
</testng-results>
